17:41:40: Creating resource group General
17:41:40: Creating resource group Internal
17:41:40: Creating resource group Autodetect
17:41:40: Registering ResourceManager for type Mesh
17:41:40: Registering ResourceManager for type Material
17:41:40: Registering ResourceManager for type Skeleton
17:41:40: XMLMeshSerializer reading mesh data from C:\OGRE\OgrePongAssignment\new\OgrePong\Content\Sphere.mesh.xml...
17:41:40: Reading geometry...
17:41:40: Geometry done...
17:41:40: Reading submeshes...
17:41:40: Submeshes done.
17:41:40: Reading mesh names...
17:41:40: Mesh names done.
17:41:40: XMLMeshSerializer import successful.
17:41:40: Reorganising vertex buffers to automatic layout..
17:41:40: MeshSerializer writing mesh data to C:\OGRE\OgrePongAssignment\new\OgrePong\Content\Sphere.mesh...
17:41:40: File header written.
17:41:40: Writing mesh data...
17:41:40: Writing submesh...
17:41:40: Exporting submesh texture aliases...
17:41:40: Submesh texture aliases exported.
17:41:40: Submesh exported.
17:41:40: Exporting bounds information....
17:41:40: Bounds information exported.
17:41:40: Exporting submesh name table...
17:41:40: Submesh name table exported.
17:41:40: Exporting edge lists...
17:41:40: Edge lists exported
17:41:40: Mesh data exported.
17:41:40: MeshSerializer export successful.
17:41:40: Unregistering ResourceManager for type Skeleton
17:41:40: Unregistering ResourceManager for type Material
17:41:40: Unregistering ResourceManager for type Mesh
