04:39:07: Creating resource group General
04:39:07: Creating resource group Internal
04:39:07: Creating resource group Autodetect
04:39:07: SceneManagerFactory for type 'DefaultSceneManager' registered.
04:39:07: Registering ResourceManager for type Material
04:39:07: Registering ResourceManager for type Mesh
04:39:07: Registering ResourceManager for type Skeleton
04:39:07: MovableObjectFactory for type 'ParticleSystem' registered.
04:39:07: ArchiveFactory for archive type FileSystem registered.
04:39:07: ArchiveFactory for archive type Zip registered.
04:39:07: ArchiveFactory for archive type EmbeddedZip registered.
04:39:07: DDS codec registering
04:39:07: FreeImage version: 3.15.3
04:39:07: This program uses FreeImage, a free, open source image library supporting all common bitmap formats. See http://freeimage.sourceforge.net for details
04:39:07: Supported formats: bmp,ico,jpg,jif,jpeg,jpe,jng,koa,iff,lbm,mng,pbm,pbm,pcd,pcx,pgm,pgm,png,ppm,ppm,ras,tga,targa,tif,tiff,wap,wbmp,wbm,psd,cut,xbm,xpm,gif,hdr,g3,sgi,exr,j2k,j2c,jp2,pfm,pct,pict,pic,3fr,arw,bay,bmq,cap,cine,cr2,crw,cs1,dc2,dcr,drf,dsc,dng,erf,fff,ia,iiq,k25,kc2,kdc,mdc,mef,mos,mrw,nef,nrw,orf,pef,ptx,pxn,qtk,raf,raw,rdc,rw2,rwl,rwz,sr2,srf,srw,sti
04:39:07: Registering ResourceManager for type HighLevelGpuProgram
04:39:07: Registering ResourceManager for type Compositor
04:39:07: MovableObjectFactory for type 'Entity' registered.
04:39:07: MovableObjectFactory for type 'Light' registered.
04:39:07: MovableObjectFactory for type 'BillboardSet' registered.
04:39:07: MovableObjectFactory for type 'ManualObject' registered.
04:39:07: MovableObjectFactory for type 'BillboardChain' registered.
04:39:07: MovableObjectFactory for type 'RibbonTrail' registered.
04:39:07: Loading library .\RenderSystem_Direct3D9_d
04:39:07: Installing plugin: D3D9 RenderSystem
04:39:07: D3D9 : Direct3D9 Rendering Subsystem created.
04:39:07: D3D9: Driver Detection Starts
04:39:07: D3D9: Driver Detection Ends
04:39:07: Plugin successfully installed
04:39:07: Loading library .\RenderSystem_GL_d
04:39:08: Installing plugin: GL RenderSystem
04:39:08: OpenGL Rendering Subsystem created.
04:39:09: Plugin successfully installed
04:39:09: Loading library .\Plugin_PCZSceneManager_d
04:39:09: Installing plugin: Portal Connected Zone Scene Manager
04:39:09: PCZone Factory Type 'ZoneType_Default' registered
04:39:09: Plugin successfully installed
04:39:09: Loading library .\Plugin_OctreeZone_d
04:39:09: Installing plugin: Octree Zone Factory
04:39:09: Plugin successfully installed
04:39:09: Loading library .\Plugin_OctreeSceneManager_d
04:39:09: Installing plugin: Octree Scene Manager
04:39:09: Plugin successfully installed
04:39:09: *-*-* OGRE Initialising
04:39:09: *-*-* Version 1.9.0 (Ghadamon)
04:39:09: Added resource location '../OgrePong/Content/' of type 'FileSystem' to resource group 'General'
04:39:09: Added resource location '../OgrePong/Content//Models/' of type 'FileSystem' to resource group 'General'
04:39:09: Added resource location '../OgrePong/Content//Materials/' of type 'FileSystem' to resource group 'General'
04:39:09: Added resource location '../OgrePong/Content/Overlays/' of type 'FileSystem' to resource group 'General'
04:39:09: D3D9 : RenderSystem Option: Allow DirectX9Ex = No
04:39:09: D3D9 : RenderSystem Option: Allow NVPerfHUD = No
04:39:09: D3D9 : RenderSystem Option: FSAA = 0
04:39:09: D3D9 : RenderSystem Option: Fixed Pipeline Enabled = Yes
04:39:09: D3D9 : RenderSystem Option: Floating-point mode = Fastest
04:39:09: D3D9 : RenderSystem Option: Full Screen = No
04:39:09: D3D9 : RenderSystem Option: Multi device memory hint = Use minimum system memory
04:39:09: D3D9 : RenderSystem Option: Rendering Device = Monitor-1-VMware SVGA 3D
04:39:09: D3D9 : RenderSystem Option: Resource Creation Policy = Create on all devices
04:39:09: D3D9 : RenderSystem Option: Use Multihead = Auto
04:39:09: D3D9 : RenderSystem Option: VSync = No
04:39:09: D3D9 : RenderSystem Option: VSync Interval = 1
04:39:09: D3D9 : RenderSystem Option: Video Mode = 800 x 600 @ 32-bit colour
04:39:09: D3D9 : RenderSystem Option: sRGB Gamma Conversion = No
04:39:13: CPU Identifier & Features
04:39:13: -------------------------
04:39:13:  *   CPU ID: GenuineIntel: Intel(R) Core(TM) i5-3230M CPU @ 2.60GHz
04:39:13:  *      SSE: yes
04:39:13:  *     SSE2: yes
04:39:13:  *     SSE3: yes
04:39:13:  *      MMX: yes
04:39:13:  *   MMXEXT: yes
04:39:13:  *    3DNOW: no
04:39:13:  * 3DNOWEXT: no
04:39:13:  *     CMOV: yes
04:39:13:  *      TSC: yes
04:39:13:  *      FPU: yes
04:39:13:  *      PRO: yes
04:39:13:  *       HT: no
04:39:13: -------------------------
04:39:13: *** Starting Win32GL Subsystem ***
04:39:13: Registering ResourceManager for type Texture
04:39:13: GLRenderSystem::_createRenderWindow "OGRE Render Window", 1024x768 windowed  miscParams: FSAA=0 FSAAHint= colourDepth=32 displayFrequency=0 gamma=false vsync=false vsyncInterval=1 
04:39:13: Created Win32Window 'OGRE Render Window' : 1040x728, 32bpp
04:39:13: GL_VERSION = 4.0.0 - Build 9.17.10.4229
04:39:13: GL_VENDOR = Intel
04:39:13: GL_RENDERER = Intel(R) HD Graphics 4000
04:39:13: GL_EXTENSIONS = GL_EXT_blend_minmax GL_EXT_blend_subtract GL_EXT_blend_color GL_EXT_abgr GL_EXT_texture3D GL_EXT_clip_volume_hint GL_EXT_compiled_vertex_array GL_SGIS_texture_edge_clamp GL_SGIS_generate_mipmap GL_EXT_draw_range_elements GL_SGIS_texture_lod GL_EXT_rescale_normal GL_EXT_packed_pixels GL_EXT_texture_edge_clamp GL_EXT_separate_specular_color GL_ARB_multitexture GL_EXT_texture_env_combine GL_EXT_bgra GL_EXT_blend_func_separate GL_EXT_secondary_color GL_EXT_fog_coord GL_EXT_texture_env_add GL_ARB_texture_cube_map GL_ARB_transpose_matrix GL_ARB_texture_env_add GL_IBM_texture_mirrored_repeat GL_EXT_multi_draw_arrays GL_SUN_multi_draw_arrays GL_NV_blend_square GL_ARB_texture_compression GL_3DFX_texture_compression_FXT1 GL_EXT_texture_filter_anisotropic GL_ARB_texture_border_clamp GL_ARB_point_parameters GL_ARB_texture_env_combine GL_ARB_texture_env_dot3 GL_ARB_texture_env_crossbar GL_EXT_texture_compression_s3tc GL_ARB_shadow GL_ARB_window_pos GL_EXT_shadow_funcs GL_EXT_stencil_wrap GL_ARB_vertex_program GL_EXT_texture_rectangle GL_ARB_fragment_program GL_EXT_stencil_two_side GL_ATI_separate_stencil GL_ARB_vertex_buffer_object GL_EXT_texture_lod_bias GL_ARB_occlusion_query GL_ARB_fragment_shader GL_ARB_shader_objects GL_ARB_shading_language_100 GL_ARB_texture_non_power_of_two GL_ARB_vertex_shader GL_NV_texgen_reflection GL_ARB_point_sprite GL_ARB_fragment_program_shadow GL_EXT_blend_equation_separate GL_ARB_depth_texture GL_ARB_texture_rectangle GL_ARB_draw_buffers GL_ARB_color_buffer_float GL_ARB_half_float_pixel GL_ARB_texture_float GL_ARB_pixel_buffer_object GL_EXT_framebuffer_object GL_ARB_draw_instanced GL_ARB_half_float_vertex GL_ARB_occlusion_query2 GL_EXT_draw_buffers2 GL_WIN_swap_hint GL_EXT_texture_sRGB GL_ARB_multisample GL_EXT_packed_float GL_EXT_texture_shared_exponent GL_ARB_texture_rg GL_ARB_texture_compression_rgtc GL_NV_conditional_render GL_EXT_texture_swizzle GL_ARB_texture_gather GL_ARB_sync GL_ARB_framebuffer_sRGB GL_EXT_packed_depth_stencil GL_ARB_depth_buffer_float GL_EXT_transform_feedback GL_ARB_transform_feedback2 GL_ARB_draw_indirect GL_EXT_framebuffer_blit GL_EXT_framebuffer_multisample GL_ARB_framebuffer_object GL_EXT_texture_array GL_EXT_texture_integer GL_ARB_map_buffer_range GL_EXT_texture_snorm GL_ARB_blend_func_extended GL_INTEL_performance_queries GL_ARB_copy_buffer GL_ARB_sampler_objects GL_NV_primitive_restart GL_ARB_seamless_cube_map GL_ARB_uniform_buffer_object GL_ARB_depth_clamp GL_ARB_vertex_array_bgra GL_ARB_shader_bit_encoding GL_ARB_draw_buffers_blend GL_ARB_geometry_shader4 GL_ARB_texture_query_lod GL_ARB_explicit_attrib_location GL_ARB_draw_elements_base_vertex GL_ARB_instanced_arrays GL_ARB_fragment_coord_conventions GL_EXT_gpu_program_parameters GL_ARB_texture_buffer_object_rgb32 GL_ARB_compatibility GL_ARB_texture_rgb10_a2ui GL_ARB_texture_multisample GL_ARB_vertex_type_2_10_10_10_rev GL_ARB_timer_query GL_INTEL_map_texture GL_ARB_tessellation_shader GL_ARB_vertex_array_object GL_ARB_provoking_vertex GL_ARB_sample_shading GL_ARB_texture_cube_map_array GL_ARB_gpu_shader5 GL_ARB_gpu_shader_fp64 GL_ARB_shader_subroutine GL_ARB_transform_feedback3 
04:39:13: Supported WGL extensions: WGL_EXT_depth_float WGL_ARB_buffer_region WGL_ARB_extensions_string WGL_ARB_make_current_read WGL_ARB_pixel_format WGL_ARB_pbuffer WGL_EXT_extensions_string WGL_EXT_swap_control WGL_EXT_swap_control_tear WGL_ARB_multisample WGL_ARB_pixel_format_float WGL_ARB_framebuffer_sRGB WGL_ARB_create_context WGL_ARB_create_context_profile WGL_EXT_pixel_format_packed_float WGL_EXT_create_context_es2_profile 
04:39:13: ***************************
04:39:13: *** GL Renderer Started ***
04:39:13: ***************************
04:39:13: Registering ResourceManager for type GpuProgram
04:39:13: GLSL support detected
04:39:13: GL: Using GL_EXT_framebuffer_object for rendering to textures (best)
04:39:13: FBO PF_UNKNOWN depth/stencil support: D0S1 D0S4 D0S8 D0S16 D16S0 D24S0 D32S0 Packed-D24S8 
04:39:13: FBO PF_A8 depth/stencil support: D0S0 D0S1 D0S4 D0S8 D0S16 D16S0 D24S0 D32S0 Packed-D24S8 
04:39:13: FBO PF_R5G6B5 depth/stencil support: D0S0 D0S1 D0S4 D0S8 D0S16 D16S0 D24S0 D32S0 Packed-D24S8 
04:39:13: FBO PF_B5G6R5 depth/stencil support: D0S0 D0S1 D0S4 D0S8 D0S16 D16S0 D24S0 D32S0 Packed-D24S8 
04:39:13: FBO PF_R8G8B8 depth/stencil support: D0S0 D0S1 D0S4 D0S8 D0S16 D16S0 D24S0 D32S0 Packed-D24S8 
04:39:13: FBO PF_B8G8R8 depth/stencil support: D0S0 D0S1 D0S4 D0S8 D0S16 D16S0 D24S0 D32S0 Packed-D24S8 
04:39:13: FBO PF_A8R8G8B8 depth/stencil support: D0S0 D0S1 D0S4 D0S8 D0S16 D16S0 D24S0 D32S0 Packed-D24S8 
04:39:13: FBO PF_B8G8R8A8 depth/stencil support: D0S0 D0S1 D0S4 D0S8 D0S16 D16S0 D24S0 D32S0 Packed-D24S8 
04:39:13: FBO PF_A2R10G10B10 depth/stencil support: D0S0 D0S1 D0S4 D0S8 D0S16 D16S0 D24S0 D32S0 Packed-D24S8 
04:39:13: FBO PF_A2B10G10R10 depth/stencil support: D0S0 D0S1 D0S4 D0S8 D0S16 D16S0 D24S0 D32S0 Packed-D24S8 
04:39:13: FBO PF_FLOAT16_RGB depth/stencil support: D0S0 D0S1 D0S4 D0S8 D0S16 D16S0 D24S0 D32S0 Packed-D24S8 
04:39:13: FBO PF_FLOAT16_RGBA depth/stencil support: D0S0 D0S1 D0S4 D0S8 D0S16 D16S0 D24S0 D32S0 Packed-D24S8 
04:39:13: FBO PF_FLOAT32_RGB depth/stencil support: D0S0 D0S1 D0S4 D0S8 D0S16 D16S0 D24S0 D32S0 Packed-D24S8 
04:39:13: FBO PF_FLOAT32_RGBA depth/stencil support: D0S0 D0S1 D0S4 D0S8 D0S16 D16S0 D24S0 D32S0 Packed-D24S8 
04:39:13: FBO PF_X8R8G8B8 depth/stencil support: D0S0 D0S1 D0S4 D0S8 D0S16 D16S0 D24S0 D32S0 Packed-D24S8 
04:39:13: FBO PF_X8B8G8R8 depth/stencil support: D0S0 D0S1 D0S4 D0S8 D0S16 D16S0 D24S0 D32S0 Packed-D24S8 
04:39:13: FBO PF_SHORT_RGBA depth/stencil support: D0S0 D0S1 D0S4 D0S8 D0S16 D16S0 D24S0 D32S0 Packed-D24S8 
04:39:13: FBO PF_R3G3B2 depth/stencil support: D0S0 D0S1 D0S4 D0S8 D0S16 D16S0 D24S0 D32S0 Packed-D24S8 
04:39:13: FBO PF_SHORT_RGB depth/stencil support: D0S0 D0S1 D0S4 D0S8 D0S16 D16S0 D24S0 D32S0 Packed-D24S8 
04:39:13: [GL] : Valid FBO targets PF_UNKNOWN PF_A8 PF_R5G6B5 PF_B5G6R5 PF_R8G8B8 PF_B8G8R8 PF_A8R8G8B8 PF_B8G8R8A8 PF_A2R10G10B10 PF_A2B10G10R10 PF_FLOAT16_RGB PF_FLOAT16_RGBA PF_FLOAT32_RGB PF_FLOAT32_RGBA PF_X8R8G8B8 PF_X8B8G8R8 PF_SHORT_RGBA PF_R3G3B2 PF_SHORT_RGB 
04:39:13: RenderSystem capabilities
04:39:13: -------------------------
04:39:13: RenderSystem Name: OpenGL Rendering Subsystem
04:39:13: GPU Vendor: intel
04:39:13: Device Name: Intel(R) HD Graphics 4000
04:39:13: Driver Version: 4.0.0.0
04:39:13:  * Fixed function pipeline: yes
04:39:13:  * Hardware generation of mipmaps: no
04:39:13:  * Texture blending: yes
04:39:13:  * Anisotropic texture filtering: yes
04:39:13:  * Dot product texture operation: yes
04:39:13:  * Cube mapping: yes
04:39:13:  * Hardware stencil buffer: yes
04:39:13:    - Stencil depth: 8
04:39:13:    - Two sided stencil support: yes
04:39:13:    - Wrap stencil values: yes
04:39:13:  * Hardware vertex / index buffers: yes
04:39:13:  * Vertex programs: yes
04:39:13:  * Number of floating-point constants for vertex programs: 256
04:39:13:  * Number of integer constants for vertex programs: 0
04:39:13:  * Number of boolean constants for vertex programs: 0
04:39:13:  * Fragment programs: yes
04:39:13:  * Number of floating-point constants for fragment programs: 256
04:39:13:  * Number of integer constants for fragment programs: 0
04:39:13:  * Number of boolean constants for fragment programs: 0
04:39:13:  * Geometry programs: no
04:39:13:  * Number of floating-point constants for geometry programs: 0
04:39:13:  * Number of integer constants for geometry programs: 0
04:39:13:  * Number of boolean constants for geometry programs: 0
04:39:13:  * Tesselation Hull programs: no
04:39:13:  * Number of floating-point constants for tesselation hull programs: 0
04:39:13:  * Number of integer constants for tesselation hull programs: 0
04:39:13:  * Number of boolean constants for tesselation hull programs: 0
04:39:13:  * Tesselation Domain programs: no
04:39:13:  * Number of floating-point constants for tesselation domain programs: 0
04:39:13:  * Number of integer constants for tesselation domain programs: 0
04:39:13:  * Number of boolean constants for tesselation domain programs: 0
04:39:13:  * Compute programs: no
04:39:13:  * Number of floating-point constants for compute programs: 0
04:39:13:  * Number of integer constants for compute programs: 0
04:39:13:  * Number of boolean constants for compute programs: 0
04:39:13:  * Supported Shader Profiles: arbfp1 arbvp1 glsl
04:39:13:  * Texture Compression: yes
04:39:13:    - DXT: yes
04:39:13:    - VTC: no
04:39:13:    - PVRTC: no
04:39:13:    - ATC: no
04:39:13:    - ETC1: no
04:39:13:    - ETC2: no
04:39:13:    - BC4/BC5: no
04:39:13:    - BC6H/BC7: no
04:39:13:  * Scissor Rectangle: yes
04:39:13:  * Hardware Occlusion Query: yes
04:39:13:  * User clip planes: yes
04:39:13:  * VET_UBYTE4 vertex element type: yes
04:39:13:  * Infinite far plane projection: yes
04:39:13:  * Hardware render-to-texture: yes
04:39:13:  * Floating point textures: yes
04:39:13:  * Non-power-of-two textures: yes
04:39:13:  * 1d textures: yes
04:39:13:  * Volume textures: yes
04:39:13:  * Multiple Render Targets: 8
04:39:13:    - With different bit depths: yes
04:39:13:  * Point Sprites: yes
04:39:13:  * Extended point parameters: yes
04:39:13:  * Max Point Size: 255
04:39:13:  * Vertex texture fetch: yes
04:39:13:  * Number of world matrices: 0
04:39:13:  * Number of texture units: 16
04:39:13:  * Stencil buffer depth: 8
04:39:13:  * Number of vertex blend matrices: 0
04:39:13:    - Max vertex textures: 16
04:39:13:    - Vertex textures shared: yes
04:39:13:  * Render to Vertex Buffer : no
04:39:13:  * Hardware Atomic Counters: no
04:39:13:  * GL 1.5 without VBO workaround: no
04:39:13:  * Frame Buffer objects: yes
04:39:13:  * Frame Buffer objects (ARB extension): no
04:39:13:  * Frame Buffer objects (ATI extension): no
04:39:13:  * PBuffer support: yes
04:39:13:  * GL 1.5 without HW-occlusion workaround: no
04:39:13:  * Vertex Array Objects: no
04:39:13:  * Separate shader objects: no
04:39:13: DefaultWorkQueue('Root') initialising on thread 15b4.
04:39:13: DefaultWorkQueue('Root')::WorkerFunc - thread 14d8 starting.
04:39:13: DefaultWorkQueue('Root')::WorkerFunc - thread 1100 starting.
04:39:13: DefaultWorkQueue('Root')::WorkerFunc - thread 1668 starting.
04:39:13: DefaultWorkQueue('Root')::WorkerFunc - thread 17e8 starting.
04:39:13: Particle Renderer Type 'billboard' registered
04:39:13: SceneManagerFactory for type 'PCZSceneManager' registered.
04:39:13: MovableObjectFactory for type 'PCZLight' registered.
04:39:13: MovableObjectFactory for type 'Portal' registered.
04:39:13: MovableObjectFactory for type 'AntiPortal' registered.
04:39:13: PCZone Factory Type 'ZoneType_Octree' registered
04:39:13: SceneManagerFactory for type 'OctreeSceneManager' registered.
04:39:13: OverlayElementFactory for type Panel registered.
04:39:13: OverlayElementFactory for type BorderPanel registered.
04:39:13: OverlayElementFactory for type TextArea registered.
04:39:13: Registering ResourceManager for type Font
04:39:13: Parsing scripts for resource group Autodetect
04:39:13: Finished parsing scripts for resource group Autodetect
04:39:13: Creating resources for group Autodetect
04:39:13: All done
04:39:13: Parsing scripts for resource group General
04:39:13: Parsing script Material.001.material
04:39:13: Parsing script Material.002.material
04:39:13: Parsing script Material.material
04:39:13: Parsing script bluehigh.fontdef
04:39:13: Parsing script GameOver.overlay
04:39:13: Parsing script Score.overlay
04:39:13: Finished parsing scripts for resource group General
04:39:13: Creating resources for group General
04:39:13: All done
04:39:13: Parsing scripts for resource group Internal
04:39:13: Finished parsing scripts for resource group Internal
04:39:13: Creating resources for group Internal
04:39:13: All done
04:39:13: Font Myfon using texture size 1024x1024
04:39:13: Info: Freetype returned null for character 127 in font Myfon
04:39:13: Info: Freetype returned null for character 128 in font Myfon
04:39:13: Info: Freetype returned null for character 129 in font Myfon
04:39:13: Info: Freetype returned null for character 130 in font Myfon
04:39:13: Info: Freetype returned null for character 131 in font Myfon
04:39:13: Info: Freetype returned null for character 132 in font Myfon
04:39:13: Info: Freetype returned null for character 133 in font Myfon
04:39:13: Info: Freetype returned null for character 134 in font Myfon
04:39:13: Info: Freetype returned null for character 135 in font Myfon
04:39:13: Info: Freetype returned null for character 136 in font Myfon
04:39:13: Info: Freetype returned null for character 137 in font Myfon
04:39:13: Info: Freetype returned null for character 138 in font Myfon
04:39:13: Info: Freetype returned null for character 139 in font Myfon
04:39:13: Info: Freetype returned null for character 140 in font Myfon
04:39:13: Info: Freetype returned null for character 141 in font Myfon
04:39:13: Info: Freetype returned null for character 142 in font Myfon
04:39:13: Info: Freetype returned null for character 143 in font Myfon
04:39:13: Info: Freetype returned null for character 144 in font Myfon
04:39:13: Info: Freetype returned null for character 145 in font Myfon
04:39:13: Info: Freetype returned null for character 146 in font Myfon
04:39:13: Info: Freetype returned null for character 147 in font Myfon
04:39:13: Info: Freetype returned null for character 148 in font Myfon
04:39:13: Info: Freetype returned null for character 149 in font Myfon
04:39:13: Info: Freetype returned null for character 150 in font Myfon
04:39:13: Info: Freetype returned null for character 151 in font Myfon
04:39:13: Info: Freetype returned null for character 152 in font Myfon
04:39:13: Info: Freetype returned null for character 153 in font Myfon
04:39:13: Info: Freetype returned null for character 154 in font Myfon
04:39:13: Info: Freetype returned null for character 155 in font Myfon
04:39:13: Info: Freetype returned null for character 156 in font Myfon
04:39:13: Info: Freetype returned null for character 157 in font Myfon
04:39:13: Info: Freetype returned null for character 158 in font Myfon
04:39:13: Info: Freetype returned null for character 159 in font Myfon
04:39:13: Info: Freetype returned null for character 160 in font Myfon
04:39:13: Texture: MyfonTexture: Loading 1 faces(PF_BYTE_LA,1024x1024x1) with 0 generated mipmaps from Image. Internal format is PF_BYTE_LA,1024x1024x1.
04:39:13: Font Myf using texture size 256x128
04:39:13: Info: Freetype returned null for character 96 in font Myf
04:39:13: Info: Freetype returned null for character 127 in font Myf
04:39:13: Info: Freetype returned null for character 128 in font Myf
04:39:13: Info: Freetype returned null for character 129 in font Myf
04:39:13: Info: Freetype returned null for character 130 in font Myf
04:39:13: Info: Freetype returned null for character 131 in font Myf
04:39:13: Info: Freetype returned null for character 132 in font Myf
04:39:13: Info: Freetype returned null for character 133 in font Myf
04:39:13: Info: Freetype returned null for character 134 in font Myf
04:39:13: Info: Freetype returned null for character 135 in font Myf
04:39:13: Info: Freetype returned null for character 136 in font Myf
04:39:13: Info: Freetype returned null for character 137 in font Myf
04:39:13: Info: Freetype returned null for character 138 in font Myf
04:39:13: Info: Freetype returned null for character 139 in font Myf
04:39:13: Info: Freetype returned null for character 140 in font Myf
04:39:13: Info: Freetype returned null for character 141 in font Myf
04:39:13: Info: Freetype returned null for character 142 in font Myf
04:39:13: Info: Freetype returned null for character 143 in font Myf
04:39:13: Info: Freetype returned null for character 144 in font Myf
04:39:13: Info: Freetype returned null for character 145 in font Myf
04:39:13: Info: Freetype returned null for character 146 in font Myf
04:39:13: Info: Freetype returned null for character 147 in font Myf
04:39:13: Info: Freetype returned null for character 148 in font Myf
04:39:13: Info: Freetype returned null for character 149 in font Myf
04:39:13: Info: Freetype returned null for character 150 in font Myf
04:39:13: Info: Freetype returned null for character 151 in font Myf
04:39:13: Info: Freetype returned null for character 152 in font Myf
04:39:13: Info: Freetype returned null for character 153 in font Myf
04:39:13: Info: Freetype returned null for character 154 in font Myf
04:39:13: Info: Freetype returned null for character 155 in font Myf
04:39:13: Info: Freetype returned null for character 156 in font Myf
04:39:13: Info: Freetype returned null for character 157 in font Myf
04:39:13: Info: Freetype returned null for character 158 in font Myf
04:39:13: Info: Freetype returned null for character 159 in font Myf
04:39:13: Info: Freetype returned null for character 160 in font Myf
04:39:13: Texture: MyfTexture: Loading 1 faces(PF_BYTE_LA,256x128x1) with 0 generated mipmaps from Image. Internal format is PF_BYTE_LA,256x128x1.
04:39:13: Font MyFont using texture size 512x256
04:39:13: Info: Freetype returned null for character 160 in font MyFont
04:39:13: Texture: MyFontTexture: Loading 1 faces(PF_BYTE_LA,512x256x1) with 0 generated mipmaps from Image. Internal format is PF_BYTE_LA,512x256x1.
04:39:13: Mesh: Loading Cube.mesh.
04:39:13: WARNING: Cube.mesh is an older format ([MeshSerializer_v1.41]); you should upgrade it as soon as possible using the OgreMeshUpgrade tool.
04:39:13: Mesh: Loading Sphere.mesh.
04:39:13: WARNING: Sphere.mesh is an older format ([MeshSerializer_v1.41]); you should upgrade it as soon as possible using the OgreMeshUpgrade tool.
04:39:13: Can't assign material _missing_material_ to SubEntity of Ogre/MO7 because this Material does not exist. Have you forgotten to define it in a .material script?
04:40:18: DefaultWorkQueue('Root') shutting down on thread 15b4.
04:40:18: DefaultWorkQueue('Root')::WorkerFunc - thread 1668 stopped.
04:40:18: DefaultWorkQueue('Root')::WorkerFunc - thread 1100 stopped.
04:40:18: DefaultWorkQueue('Root')::WorkerFunc - thread 17e8 stopped.
04:40:18: DefaultWorkQueue('Root')::WorkerFunc - thread 14d8 stopped.
04:40:18: PCZone Factory Type 'ZoneType_Octree' unregistered
04:40:18: *-*-* OGRE Shutdown
04:40:18: Unregistering ResourceManager for type Compositor
04:40:18: Unregistering ResourceManager for type Skeleton
04:40:18: Unregistering ResourceManager for type Mesh
04:40:18: Unregistering ResourceManager for type HighLevelGpuProgram
04:40:18: Uninstalling plugin: Octree Scene Manager
04:40:18: Plugin successfully uninstalled
04:40:18: Unloading library .\Plugin_OctreeSceneManager_d
04:40:18: Uninstalling plugin: Octree Zone Factory
04:40:18: Plugin successfully uninstalled
04:40:18: Unloading library .\Plugin_OctreeZone_d
04:40:18: Uninstalling plugin: Portal Connected Zone Scene Manager
04:40:18: Plugin successfully uninstalled
04:40:18: Unloading library .\Plugin_PCZSceneManager_d
04:40:18: Uninstalling plugin: GL RenderSystem
04:40:18: Unregistering ResourceManager for type GpuProgram
04:40:18: *** Stopping Win32GL Subsystem ***
04:40:18: Unregistering ResourceManager for type Texture
04:40:18: Plugin successfully uninstalled
04:40:18: Unloading library .\RenderSystem_GL_d
04:40:18: Uninstalling plugin: D3D9 RenderSystem
04:40:18: D3D9 : Shutting down cleanly.
04:40:18: D3D9 : Direct3D9 Rendering Subsystem destroyed.
04:40:18: Plugin successfully uninstalled
04:40:18: Unloading library .\RenderSystem_Direct3D9_d
04:40:18: Unregistering ResourceManager for type Material
